
Showing logs for build [32mcb-kubecd-environment-pr-1314-2-sxv7n-1[0m stage [32mfrom-build-pack[0m and container [32mstep-credential-initializer-w5mfn[0m
{"level":"warn","ts":1585151092.575319,"logger":"fallback-logger","caller":"logging/config.go:69","msg":"Fetch GitHub commit ID from kodata failed: \"ref: refs/heads/0.8.0-**-support-backwards-incompats\" is not a valid GitHub commit ID"}
{"level":"info","ts":1585151092.5762544,"logger":"fallback-logger","caller":"creds-init/main.go:40","msg":"Credentials initialized."}

Showing logs for build [32mcb-kubecd-environment-pr-1314-2-sxv7n-1[0m stage [32mfrom-build-pack[0m and container [32mstep-working-dir-initializer-n2jhm[0m
{"level":"warn","ts":1585151093.2431712,"logger":"fallback-logger","caller":"logging/config.go:69","msg":"Fetch GitHub commit ID from kodata failed: open /var/run/ko/HEAD: no such file or directory"}
{"level":"info","ts":1585151093.2461157,"logger":"fallback-logger","caller":"bash/main.go:64","msg":"Successfully executed command \"sh -c mkdir -p /workspace/source\"; output "}

Showing logs for build [32mcb-kubecd-environment-pr-1314-2-sxv7n-1[0m stage [32mfrom-build-pack[0m and container [32mstep-place-tools[0m

Showing logs for build [32mcb-kubecd-environment-pr-1314-2-sxv7n-1[0m stage [32mfrom-build-pack[0m and container [32mstep-git-source-cb-kubecd-environment-pr-1314-2-sxv7n-g67qz[0m
{"level":"warn","ts":1585151097.5276456,"logger":"fallback-logger","caller":"logging/config.go:69","msg":"Fetch GitHub commit ID from kodata failed: \"ref: refs/heads/0.8.0-**-support-backwards-incompats\" is not a valid GitHub commit ID"}
{"level":"info","ts":1585151098.555793,"logger":"fallback-logger","caller":"git/git.go:103","msg":"Successfully cloned https://github.com/cb-kubecd/environment-pr-1314-2-bdd-frontend-staging.git @ master in path /workspace/source"}

Showing logs for build [32mcb-kubecd-environment-pr-1314-2-sxv7n-1[0m stage [32mfrom-build-pack[0m and container [32mstep-git-merge[0m
Using SHAs from PULL_REFS=master:a91654e7e53712bc79b6c9ee862f537431be96bc,1:6270d59dd9242f22fbfcdc921089d80293372887
DEBUG: LC_ALL=C JX_LOG_LEVEL=error git fetch origin --unshallow 6270d59dd9242f22fbfcdc921089d80293372887: a91654e7e53712bc79b6c9ee862f537431be96bc:
DEBUG: ran git fetch --unshallow origin 6270d59dd9242f22fbfcdc921089d80293372887: a91654e7e53712bc79b6c9ee862f537431be96bc: in 
DEBUG: LC_ALL=C JX_LOG_LEVEL=error git branch
DEBUG: LC_ALL=C JX_LOG_LEVEL=error git checkout master
DEBUG: ran git checkout master in 
DEBUG: LC_ALL=C JX_LOG_LEVEL=error git reset --hard a91654e7e53712bc79b6c9ee862f537431be96bc
DEBUG: ran git reset --hard a91654e7e53712bc79b6c9ee862f537431be96bc in 
DEBUG: LC_ALL=C JX_LOG_LEVEL=error git clean -fd .
DEBUG: ran clean --force -d . in 
DEBUG: JX_LOG_LEVEL=error LC_ALL=C git merge 6270d59dd9242f22fbfcdc921089d80293372887
DEBUG: ran git merge 6270d59dd9242f22fbfcdc921089d80293372887 in 
DEBUG: LC_ALL=C JX_LOG_LEVEL=error git log --format=%H%x1f%an%x1f%ae%x1f%cn%x1f%ce%x1f%s%n%b%x1e a91654e7e53712bc79b6c9ee862f537431be96bc..HEAD
Merged SHA 6270d59dd9242f22fbfcdc921089d80293372887 with commit message 'chore: Promote bdd-nh-1585150007 to version 0.0.1' into base branch master

Showing logs for build [32mcb-kubecd-environment-pr-1314-2-sxv7n-1[0m stage [32mfrom-build-pack[0m and container [32mstep-build-helm-build[0m
WARNING: No $CHART_REPOSITORY defined so using the default value of: http://jenkins-x-chartmuseum:8080
Adding missing Helm repo: storage.googleapis.com https://storage.googleapis.com/chartmuseum.jenkins-x.io
WARNING: No secrets found on "helm/repos" due: reading the secret "helm/repos" from vault: no secret "helm/repos" not found in vault
Read credentials for https://storage.googleapis.com/chartmuseum.jenkins-x.io from vault helm/repos
Successfully added Helm repository storage.googleapis.com.
Adding missing Helm repo: jenkins-x-chartmuseum http://jenkins-x-chartmuseum:8080
WARNING: No secrets found on "helm/repos" due: reading the secret "helm/repos" from vault: no secret "helm/repos" not found in vault
Read credentials for http://jenkins-x-chartmuseum:8080 from vault helm/repos
Successfully added Helm repository jenkins-x-chartmuseum.
WARNING: No $CHART_REPOSITORY defined so using the default value of: http://jenkins-x-chartmuseum:8080
Adding missing Helm repo: chartmuseum.jenkins-x.io http://chartmuseum.jenkins-x.io
WARNING: No secrets found on "helm/repos" due: reading the secret "helm/repos" from vault: no secret "helm/repos" not found in vault
Read credentials for http://chartmuseum.jenkins-x.io from vault helm/repos
Successfully added Helm repository chartmuseum.jenkins-x.io.
